<?xml version="1.0" encoding="UTF-8"?>
<!-- Generated by org.testng.reporters.JUnitReportReporter -->
<testsuite hostname="DESKTOP-FFALLFF" failures="0" tests="1" name="extendreports.AddScreenshotIntoReport" time="12.004" errors="0" timestamp="2025-06-23T14:05:56 IST" skipped="0">
  <testcase classname="extendreports.AddScreenshotIntoReport" name="addScreenshot" time="12.004"/>
</testsuite> <!-- extendreports.AddScreenshotIntoReport -->
