<?xml version="1.0" encoding="UTF-8"?>
<!-- Generated by org.testng.reporters.JUnitReportReporter -->
<testsuite hostname="DESKTOP-FFALLFF" failures="0" tests="1" name="extendreports.demoTakesScreenshotAddExtentReport" time="10.261" errors="0" timestamp="2025-06-24T12:13:07 IST" skipped="0">
  <testcase classname="extendreports.demoTakesScreenshotAddExtentReport" name="demoTakesScreenshot" time="10.261"/>
</testsuite> <!-- extendreports.demoTakesScreenshotAddExtentReport -->
