<?xml version="1.0" encoding="UTF-8"?>
<!-- Generated by org.testng.reporters.JUnitReportReporter -->
<testsuite hostname="DESKTOP-FFALLFF" failures="0" tests="1" name="demo.SampleTest" time="303.682" errors="0" timestamp="2025-06-20T13:45:18 IST" skipped="0">
  <testcase classname="demo.SampleTest" name="launch" time="303.682">
    <system-out>
      <![CDATA[SampleTest class executed]]>
    </system-out>
  </testcase> <!-- launch -->
  <system-out>
    <![CDATA[SampleTest class executed]]>
  </system-out>
</testsuite> <!-- demo.SampleTest -->
