<?xml version="1.0" encoding="UTF-8"?>
<!-- Generated by org.testng.reporters.JUnitReportReporter -->
<testsuite hostname="DESKTOP-FFALLFF" failures="0" tests="1" name="bikes.BajajTest" time="10.590" errors="0" timestamp="2025-06-20T14:08:19 IST" skipped="0">
  <testcase classname="bikes.BajajTest" name="launch" time="10.590">
    <system-out>
      <![CDATA[Bajaj Launched]]>
    </system-out>
  </testcase> <!-- launch -->
  <system-out>
    <![CDATA[Bajaj Launched]]>
  </system-out>
</testsuite> <!-- bikes.BajajTest -->
